<?xml version="1.0" encoding="UTF-8"?>
<!-- Generated by org.testng.reporters.JUnitReportReporter -->
<testsuite hostname="Gangulas-MacBook-Air.local" failures="0" tests="3" name="com.gvk.TestCases.standalonetestdataprovider" time="20.625" errors="0" timestamp="2024-07-09T12:42:13 IST" skipped="0">
  <testcase classname="com.gvk.TestCases.standalonetestdataprovider" name="standalone" time="9.366"/>
  <testcase classname="com.gvk.TestCases.standalonetestdataprovider" name="orderhistory" time="2.466"/>
  <testcase classname="com.gvk.TestCases.standalonetestdataprovider" name="orderhistory" time="8.793"/>
</testsuite> <!-- com.gvk.TestCases.standalonetestdataprovider -->
