<?xml version="1.0" encoding="UTF-8"?>
<!-- Generated by org.testng.reporters.JUnitReportReporter -->
<testsuite hostname="Gangulas-MacBook-Air.local" failures="0" tests="1" name="com.gvk.TestCases.standalonetestPOMmodified" time="8.123" errors="0" timestamp="2024-07-09T12:43:52 IST" skipped="0">
  <testcase classname="com.gvk.TestCases.standalonetestPOMmodified" name="standalone" time="8.123"/>
</testsuite> <!-- com.gvk.TestCases.standalonetestPOMmodified -->
