<?xml version="1.0" encoding="UTF-8"?>
<!-- Generated by org.testng.reporters.JUnitReportReporter -->
<testsuite hostname="Gangulas-MacBook-Air.local" failures="0" tests="3" name="com.gvk.TestCases.standalonetestdataprovider" time="18.400" errors="0" timestamp="2024-07-09T13:23:03 IST" skipped="0">
  <testcase classname="com.gvk.TestCases.standalonetestdataprovider" name="orderhistory" time="6.219"/>
  <testcase classname="com.gvk.TestCases.standalonetestdataprovider" name="orderhistory" time="5.281"/>
  <testcase classname="com.gvk.TestCases.standalonetestdataprovider" name="standalone" time="6.900"/>
</testsuite> <!-- com.gvk.TestCases.standalonetestdataprovider -->
