<?xml version="1.0" encoding="UTF-8"?>
<!-- Generated by org.testng.reporters.JUnitReportReporter -->
<testsuite hostname="Gangulas-MacBook-Air.local" failures="0" tests="3" name="com.gvk.TestCases.standalonetestdataprovider" time="24.778" errors="0" timestamp="2024-07-09T21:08:09 IST" skipped="0">
  <testcase classname="com.gvk.TestCases.standalonetestdataprovider" name="orderhistory" time="2.350"/>
  <testcase classname="com.gvk.TestCases.standalonetestdataprovider" name="standalone" time="8.939"/>
  <testcase classname="com.gvk.TestCases.standalonetestdataprovider" name="orderhistory" time="13.489"/>
</testsuite> <!-- com.gvk.TestCases.standalonetestdataprovider -->
