<?xml version="1.0" encoding="UTF-8"?>
<!-- Generated by org.testng.reporters.JUnitReportReporter -->
<testsuite hostname="Gangulas-MacBook-Air.local" failures="0" tests="2" name="com.gvk.TestCases.standalonetestPOMmodified" time="16.421" errors="0" timestamp="2024-07-09T21:08:09 IST" skipped="0">
  <testcase classname="com.gvk.TestCases.standalonetestPOMmodified" name="standalone" time="7.856"/>
  <testcase classname="com.gvk.TestCases.standalonetestPOMmodified" name="standalone" time="8.565"/>
</testsuite> <!-- com.gvk.TestCases.standalonetestPOMmodified -->
