<?xml version="1.0" encoding="UTF-8"?>
<!-- Generated by org.testng.reporters.JUnitReportReporter -->
<testsuite hostname="Gangulas-MacBook-Air.local" failures="0" tests="2" name="com.gvk.TestCases.standalonetestPOMmodified" time="15.537" errors="0" timestamp="2024-07-09T13:23:03 IST" skipped="0">
  <testcase classname="com.gvk.TestCases.standalonetestPOMmodified" name="standalone" time="7.141"/>
  <testcase classname="com.gvk.TestCases.standalonetestPOMmodified" name="standalone" time="8.396"/>
</testsuite> <!-- com.gvk.TestCases.standalonetestPOMmodified -->
